C51 COMPILER V9.53.0.0   LCD_0_9_WITH_SWITCH                                               12/20/2018 14:20:32 PAGE 1   


C51 COMPILER V9.53.0.0, COMPILATION OF MODULE LCD_0_9_WITH_SWITCH
OBJECT MODULE PLACED IN LCD_0-9_WITH_SWITCH.OBJ
COMPILER INVOKED BY: C:\Keil_v5\C51\BIN\C51.EXE LCD_0-9_WITH_SWITCH.c OPTIMIZE(8,SPEED) BROWSE DEBUG OBJECTEXTEND TABS(2
                    -)

line level    source

   1          #include<reg51.h>
   2          #include "8051_delay.h"
   3          #include "LCD_4_BIT_HEADER_FILE.h"
   4          
   5          sbit SW = P1^0;
   6          
   7          int Count;
   8          void main()
   9          {
  10   1        SW = 1;
  11   1      
  12   1        Lcd_Intialization();
  13   1      
  14   1        Lcd_Command(0x80);
  15   1        Lcd_String("LYCO SOFT");
  16   1      
  17   1        while(1)
  18   1        {
  19   2          Lcd_Command(0xc0);
  20   2          Lcd_Data(Count+48);
  21   2          delay(500);
  22   2          
  23   2          if(SW == 1)
  24   2          {
  25   3            Count++;
  26   3          }
  27   2          
  28   2          if(Count > 9)
  29   2            Count = 0;
  30   2        }
  31   1      }


MODULE INFORMATION:   STATIC OVERLAYABLE
   CODE SIZE        =    231    ----
   CONSTANT SIZE    =     10    ----
   XDATA SIZE       =   ----    ----
   PDATA SIZE       =   ----    ----
   DATA SIZE        =      2       3
   IDATA SIZE       =   ----    ----
   BIT SIZE         =   ----    ----
END OF MODULE INFORMATION.


C51 COMPILATION COMPLETE.  0 WARNING(S),  0 ERROR(S)
